app/build/intermediates/manifest_merge_blame_file/release/manifest-merger-blame-release-report.txt
1<?xml version="1.0" encoding="utf-8"?>
2<manifest xmlns:android="http://schemas.android.com/apk/res/android"
3    package="uz.kidzone.app"
4    android:versionCode="6"
5    android:versionName="1.0.3" >
6
7    <uses-sdk
8        android:minSdkVersion="26"
9        android:targetSdkVersion="35" />
10
11    <!-- ✅ Permissions -->
12    <uses-permission android:name="android.permission.INTERNET" />
12-->src\main\AndroidManifest.xml:5:5-66
12-->src\main\AndroidManifest.xml:5:22-64
13    <uses-permission android:name="android.permission.ACCESS_NETWORK_STATE" />
13-->src\main\AndroidManifest.xml:6:5-78
13-->src\main\AndroidManifest.xml:6:22-76
14
15    <!-- Tablet support -->
16    <supports-screens
16-->src\main\AndroidManifest.xml:9:5-15:36
17        android:anyDensity="true"
17-->src\main\AndroidManifest.xml:15:9-34
18        android:largeScreens="true"
18-->src\main\AndroidManifest.xml:12:9-36
19        android:normalScreens="true"
19-->src\main\AndroidManifest.xml:11:9-37
20        android:resizeable="true"
20-->src\main\AndroidManifest.xml:14:9-34
21        android:smallScreens="true"
21-->src\main\AndroidManifest.xml:10:9-36
22        android:xlargeScreens="true" />
22-->src\main\AndroidManifest.xml:13:9-37
23
24    <uses-permission android:name="com.google.android.gms.permission.AD_ID" />
24-->[com.google.android.gms:play-services-ads-lite:23.6.0] AndroidManifest.xml:26:5-79
24-->[com.google.android.gms:play-services-ads-lite:23.6.0] AndroidManifest.xml:26:22-76
25    <uses-permission android:name="android.permission.ACCESS_ADSERVICES_AD_ID" />
25-->[com.google.android.gms:play-services-ads-lite:23.6.0] AndroidManifest.xml:27:5-82
25-->[com.google.android.gms:play-services-ads-lite:23.6.0] AndroidManifest.xml:27:22-79
26    <uses-permission android:name="android.permission.ACCESS_ADSERVICES_ATTRIBUTION" />
26-->[com.google.android.gms:play-services-ads-lite:23.6.0] AndroidManifest.xml:28:5-88
26-->[com.google.android.gms:play-services-ads-lite:23.6.0] AndroidManifest.xml:28:22-85
27    <uses-permission android:name="android.permission.ACCESS_ADSERVICES_TOPICS" /> <!-- Android package visibility setting -->
27-->[com.google.android.gms:play-services-ads-lite:23.6.0] AndroidManifest.xml:29:5-83
27-->[com.google.android.gms:play-services-ads-lite:23.6.0] AndroidManifest.xml:29:22-80
28    <queries>
28-->[com.google.android.gms:play-services-ads-lite:23.6.0] AndroidManifest.xml:35:5-68:15
29
30        <!-- For browser content -->
31        <intent>
31-->[com.google.android.gms:play-services-ads-lite:23.6.0] AndroidManifest.xml:38:9-44:18
32            <action android:name="android.intent.action.VIEW" />
32-->[com.google.android.gms:play-services-ads-lite:23.6.0] AndroidManifest.xml:39:13-65
32-->[com.google.android.gms:play-services-ads-lite:23.6.0] AndroidManifest.xml:39:21-62
33
34            <category android:name="android.intent.category.BROWSABLE" />
34-->[com.google.android.gms:play-services-ads-lite:23.6.0] AndroidManifest.xml:41:13-74
34-->[com.google.android.gms:play-services-ads-lite:23.6.0] AndroidManifest.xml:41:23-71
35
36            <data android:scheme="https" />
36-->[com.google.android.gms:play-services-ads-lite:23.6.0] AndroidManifest.xml:43:13-44
36-->[com.google.android.gms:play-services-ads-lite:23.6.0] AndroidManifest.xml:43:19-41
37        </intent>
38        <!-- End of browser content -->
39        <!-- For CustomTabsService -->
40        <intent>
40-->[com.google.android.gms:play-services-ads-lite:23.6.0] AndroidManifest.xml:47:9-49:18
41            <action android:name="android.support.customtabs.action.CustomTabsService" />
41-->[com.google.android.gms:play-services-ads-lite:23.6.0] AndroidManifest.xml:48:13-90
41-->[com.google.android.gms:play-services-ads-lite:23.6.0] AndroidManifest.xml:48:21-87
42        </intent>
43        <!-- End of CustomTabsService -->
44        <!-- For MRAID capabilities -->
45        <intent>
45-->[com.google.android.gms:play-services-ads-lite:23.6.0] AndroidManifest.xml:52:9-56:18
46            <action android:name="android.intent.action.INSERT" />
46-->[com.google.android.gms:play-services-ads-lite:23.6.0] AndroidManifest.xml:53:13-67
46-->[com.google.android.gms:play-services-ads-lite:23.6.0] AndroidManifest.xml:53:21-64
47
48            <data android:mimeType="vnd.android.cursor.dir/event" />
48-->[com.google.android.gms:play-services-ads-lite:23.6.0] AndroidManifest.xml:43:13-44
49        </intent>
50        <intent>
50-->[com.google.android.gms:play-services-ads-lite:23.6.0] AndroidManifest.xml:57:9-61:18
51            <action android:name="android.intent.action.VIEW" />
51-->[com.google.android.gms:play-services-ads-lite:23.6.0] AndroidManifest.xml:39:13-65
51-->[com.google.android.gms:play-services-ads-lite:23.6.0] AndroidManifest.xml:39:21-62
52
53            <data android:scheme="sms" />
53-->[com.google.android.gms:play-services-ads-lite:23.6.0] AndroidManifest.xml:43:13-44
53-->[com.google.android.gms:play-services-ads-lite:23.6.0] AndroidManifest.xml:43:19-41
54        </intent>
55        <intent>
55-->[com.google.android.gms:play-services-ads-lite:23.6.0] AndroidManifest.xml:62:9-66:18
56            <action android:name="android.intent.action.DIAL" />
56-->[com.google.android.gms:play-services-ads-lite:23.6.0] AndroidManifest.xml:63:13-65
56-->[com.google.android.gms:play-services-ads-lite:23.6.0] AndroidManifest.xml:63:21-62
57
58            <data android:path="tel:" />
58-->[com.google.android.gms:play-services-ads-lite:23.6.0] AndroidManifest.xml:43:13-44
59        </intent>
60        <!-- End of MRAID capabilities -->
61    </queries>
62
63    <uses-permission android:name="android.permission.WAKE_LOCK" />
63-->[com.google.android.gms:play-services-measurement-sdk-api:20.1.2] AndroidManifest.xml:25:5-68
63-->[com.google.android.gms:play-services-measurement-sdk-api:20.1.2] AndroidManifest.xml:25:22-65
64    <uses-permission android:name="android.permission.FOREGROUND_SERVICE" />
64-->[androidx.work:work-runtime:2.7.0] AndroidManifest.xml:28:5-77
64-->[androidx.work:work-runtime:2.7.0] AndroidManifest.xml:28:22-74
65
66    <permission
66-->[androidx.core:core:1.15.0] AndroidManifest.xml:22:5-24:47
67        android:name="uz.kidzone.app.DYNAMIC_RECEIVER_NOT_EXPORTED_PERMISSION"
67-->[androidx.core:core:1.15.0] AndroidManifest.xml:23:9-81
68        android:protectionLevel="signature" />
68-->[androidx.core:core:1.15.0] AndroidManifest.xml:24:9-44
69
70    <uses-permission android:name="uz.kidzone.app.DYNAMIC_RECEIVER_NOT_EXPORTED_PERMISSION" />
70-->[androidx.core:core:1.15.0] AndroidManifest.xml:26:5-97
70-->[androidx.core:core:1.15.0] AndroidManifest.xml:26:22-94
71
72    <application
72-->src\main\AndroidManifest.xml:17:5-58:19
73        android:allowBackup="true"
73-->src\main\AndroidManifest.xml:18:9-35
74        android:appComponentFactory="androidx.core.app.CoreComponentFactory"
74-->[androidx.core:core:1.15.0] AndroidManifest.xml:28:18-86
75        android:extractNativeLibs="false"
76        android:hardwareAccelerated="true"
76-->src\main\AndroidManifest.xml:24:9-43
77        android:icon="@mipmap/ic_launcher"
77-->src\main\AndroidManifest.xml:19:9-43
78        android:label="@string/app_name"
78-->src\main\AndroidManifest.xml:21:9-41
79        android:networkSecurityConfig="@xml/network_security_config"
79-->src\main\AndroidManifest.xml:25:9-69
80        android:roundIcon="@mipmap/ic_launcher_round"
80-->src\main\AndroidManifest.xml:20:9-54
81        android:supportsRtl="true"
81-->src\main\AndroidManifest.xml:23:9-35
82        android:theme="@style/Theme.KidZone"
82-->src\main\AndroidManifest.xml:22:9-45
83        android:usesCleartextTraffic="false" >
83-->src\main\AndroidManifest.xml:26:9-45
84
85        <!-- ✅ ADMOB APP ID — BU YERNI O'ZGARTIRING! -->
86        <meta-data
86-->src\main\AndroidManifest.xml:29:9-31:69
87            android:name="com.google.android.gms.ads.APPLICATION_ID"
87-->src\main\AndroidManifest.xml:30:13-69
88            android:value="ca-app-pub-3291187691091325~8541921370" />
88-->src\main\AndroidManifest.xml:31:13-67
89        <!-- android:value="ca-app-pub-3940256099942544~3347511713"/> -->
90        <!--
91            ☝️ HOZIR TEST ID TURIBDI
92            O'Z ID INGIZNI QUYIDAGIGA ALMASHTIRING:
93            android:value="ca-app-pub-XXXXXXXXXXXXXXXX~XXXXXXXXXX"
94
95            BOLALAR O'YINI UCHUN COPPA (MAJBURIY):
96        -->
97        <meta-data
97-->src\main\AndroidManifest.xml:40:9-42:35
98            android:name="com.google.android.gms.ads.DELAY_APP_MEASUREMENT_INIT"
98-->src\main\AndroidManifest.xml:41:13-81
99            android:value="true" />
99-->src\main\AndroidManifest.xml:42:13-33
100
101        <!-- MAIN ACTIVITY -->
102        <activity
102-->src\main\AndroidManifest.xml:45:9-56:20
103            android:name="uz.kidzone.app.MainActivity"
103-->src\main\AndroidManifest.xml:46:13-41
104            android:configChanges="orientation|screenSize|keyboardHidden|smallestScreenSize|screenLayout"
104-->src\main\AndroidManifest.xml:49:13-106
105            android:exported="true"
105-->src\main\AndroidManifest.xml:47:13-36
106            android:screenOrientation="user"
106-->src\main\AndroidManifest.xml:48:13-45
107            android:theme="@style/Theme.KidZone.Splash"
107-->src\main\AndroidManifest.xml:51:13-56
108            android:windowSoftInputMode="adjustResize" >
108-->src\main\AndroidManifest.xml:50:13-55
109            <intent-filter>
109-->src\main\AndroidManifest.xml:52:13-55:29
110                <action android:name="android.intent.action.MAIN" />
110-->src\main\AndroidManifest.xml:53:17-68
110-->src\main\AndroidManifest.xml:53:25-66
111
112                <category android:name="android.intent.category.LAUNCHER" />
112-->src\main\AndroidManifest.xml:54:17-76
112-->src\main\AndroidManifest.xml:54:27-74
113            </intent-filter>
114        </activity>
115
116        <!-- Include the AdActivity and InAppPurchaseActivity configChanges and themes. -->
117        <activity
117-->[com.google.android.gms:play-services-ads-lite:23.6.0] AndroidManifest.xml:73:9-78:43
118            android:name="com.google.android.gms.ads.AdActivity"
118-->[com.google.android.gms:play-services-ads-lite:23.6.0] AndroidManifest.xml:74:13-65
119            android:configChanges="keyboard|keyboardHidden|orientation|screenLayout|uiMode|screenSize|smallestScreenSize"
119-->[com.google.android.gms:play-services-ads-lite:23.6.0] AndroidManifest.xml:75:13-122
120            android:exported="false"
120-->[com.google.android.gms:play-services-ads-lite:23.6.0] AndroidManifest.xml:76:13-37
121            android:theme="@android:style/Theme.Translucent" />
121-->[com.google.android.gms:play-services-ads-lite:23.6.0] AndroidManifest.xml:77:13-61
122
123        <provider
123-->[com.google.android.gms:play-services-ads-lite:23.6.0] AndroidManifest.xml:80:9-85:43
124            android:name="com.google.android.gms.ads.MobileAdsInitProvider"
124-->[com.google.android.gms:play-services-ads-lite:23.6.0] AndroidManifest.xml:81:13-76
125            android:authorities="uz.kidzone.app.mobileadsinitprovider"
125-->[com.google.android.gms:play-services-ads-lite:23.6.0] AndroidManifest.xml:82:13-73
126            android:exported="false"
126-->[com.google.android.gms:play-services-ads-lite:23.6.0] AndroidManifest.xml:83:13-37
127            android:initOrder="100" />
127-->[com.google.android.gms:play-services-ads-lite:23.6.0] AndroidManifest.xml:84:13-36
128
129        <service
129-->[com.google.android.gms:play-services-ads-lite:23.6.0] AndroidManifest.xml:87:9-91:43
130            android:name="com.google.android.gms.ads.AdService"
130-->[com.google.android.gms:play-services-ads-lite:23.6.0] AndroidManifest.xml:88:13-64
131            android:enabled="true"
131-->[com.google.android.gms:play-services-ads-lite:23.6.0] AndroidManifest.xml:89:13-35
132            android:exported="false" />
132-->[com.google.android.gms:play-services-ads-lite:23.6.0] AndroidManifest.xml:90:13-37
133
134        <activity
134-->[com.google.android.gms:play-services-ads-lite:23.6.0] AndroidManifest.xml:93:9-97:43
135            android:name="com.google.android.gms.ads.OutOfContextTestingActivity"
135-->[com.google.android.gms:play-services-ads-lite:23.6.0] AndroidManifest.xml:94:13-82
136            android:configChanges="keyboard|keyboardHidden|orientation|screenLayout|uiMode|screenSize|smallestScreenSize"
136-->[com.google.android.gms:play-services-ads-lite:23.6.0] AndroidManifest.xml:95:13-122
137            android:exported="false" />
137-->[com.google.android.gms:play-services-ads-lite:23.6.0] AndroidManifest.xml:96:13-37
138        <activity
138-->[com.google.android.gms:play-services-ads-lite:23.6.0] AndroidManifest.xml:98:9-105:43
139            android:name="com.google.android.gms.ads.NotificationHandlerActivity"
139-->[com.google.android.gms:play-services-ads-lite:23.6.0] AndroidManifest.xml:99:13-82
140            android:excludeFromRecents="true"
140-->[com.google.android.gms:play-services-ads-lite:23.6.0] AndroidManifest.xml:100:13-46
141            android:exported="false"
141-->[com.google.android.gms:play-services-ads-lite:23.6.0] AndroidManifest.xml:101:13-37
142            android:launchMode="singleTask"
142-->[com.google.android.gms:play-services-ads-lite:23.6.0] AndroidManifest.xml:102:13-44
143            android:taskAffinity=""
143-->[com.google.android.gms:play-services-ads-lite:23.6.0] AndroidManifest.xml:103:13-36
144            android:theme="@android:style/Theme.Translucent.NoTitleBar" />
144-->[com.google.android.gms:play-services-ads-lite:23.6.0] AndroidManifest.xml:104:13-72
145
146        <property
146-->[com.google.android.gms:play-services-ads-lite:23.6.0] AndroidManifest.xml:107:9-109:62
147            android:name="android.adservices.AD_SERVICES_CONFIG"
147-->[com.google.android.gms:play-services-ads-lite:23.6.0] AndroidManifest.xml:108:13-65
148            android:resource="@xml/gma_ad_services_config" />
148-->[com.google.android.gms:play-services-ads-lite:23.6.0] AndroidManifest.xml:109:13-59
149
150        <activity
150-->[com.google.android.gms:play-services-base:18.0.0] AndroidManifest.xml:20:9-22:45
151            android:name="com.google.android.gms.common.api.GoogleApiActivity"
151-->[com.google.android.gms:play-services-base:18.0.0] AndroidManifest.xml:20:19-85
152            android:exported="false"
152-->[com.google.android.gms:play-services-base:18.0.0] AndroidManifest.xml:22:19-43
153            android:theme="@android:style/Theme.Translucent.NoTitleBar" />
153-->[com.google.android.gms:play-services-base:18.0.0] AndroidManifest.xml:21:19-78
154
155        <meta-data
155-->[com.google.android.gms:play-services-basement:18.4.0] AndroidManifest.xml:6:9-122
156            android:name="com.google.android.gms.version"
156-->[com.google.android.gms:play-services-basement:18.4.0] AndroidManifest.xml:6:20-65
157            android:value="@integer/google_play_services_version" />
157-->[com.google.android.gms:play-services-basement:18.4.0] AndroidManifest.xml:6:66-119
158
159        <provider
159-->[androidx.emoji2:emoji2:1.3.0] AndroidManifest.xml:24:9-32:20
160            android:name="androidx.startup.InitializationProvider"
160-->[androidx.emoji2:emoji2:1.3.0] AndroidManifest.xml:25:13-67
161            android:authorities="uz.kidzone.app.androidx-startup"
161-->[androidx.emoji2:emoji2:1.3.0] AndroidManifest.xml:26:13-68
162            android:exported="false" >
162-->[androidx.emoji2:emoji2:1.3.0] AndroidManifest.xml:27:13-37
163            <meta-data
163-->[androidx.emoji2:emoji2:1.3.0] AndroidManifest.xml:29:13-31:52
164                android:name="androidx.emoji2.text.EmojiCompatInitializer"
164-->[androidx.emoji2:emoji2:1.3.0] AndroidManifest.xml:30:17-75
165                android:value="androidx.startup" />
165-->[androidx.emoji2:emoji2:1.3.0] AndroidManifest.xml:31:17-49
166            <meta-data
166-->[androidx.work:work-runtime:2.7.0] AndroidManifest.xml:36:13-38:52
167                android:name="androidx.work.WorkManagerInitializer"
167-->[androidx.work:work-runtime:2.7.0] AndroidManifest.xml:37:17-68
168                android:value="androidx.startup" />
168-->[androidx.work:work-runtime:2.7.0] AndroidManifest.xml:38:17-49
169            <meta-data
169-->[androidx.lifecycle:lifecycle-process:2.6.2] AndroidManifest.xml:29:13-31:52
170                android:name="androidx.lifecycle.ProcessLifecycleInitializer"
170-->[androidx.lifecycle:lifecycle-process:2.6.2] AndroidManifest.xml:30:17-78
171                android:value="androidx.startup" />
171-->[androidx.lifecycle:lifecycle-process:2.6.2] AndroidManifest.xml:31:17-49
172            <meta-data
172-->[androidx.profileinstaller:profileinstaller:1.4.0] AndroidManifest.xml:29:13-31:52
173                android:name="androidx.profileinstaller.ProfileInstallerInitializer"
173-->[androidx.profileinstaller:profileinstaller:1.4.0] AndroidManifest.xml:30:17-85
174                android:value="androidx.startup" />
174-->[androidx.profileinstaller:profileinstaller:1.4.0] AndroidManifest.xml:31:17-49
175        </provider>
176
177        <service
177-->[androidx.work:work-runtime:2.7.0] AndroidManifest.xml:41:9-46:35
178            android:name="androidx.work.impl.background.systemalarm.SystemAlarmService"
178-->[androidx.work:work-runtime:2.7.0] AndroidManifest.xml:42:13-88
179            android:directBootAware="false"
179-->[androidx.work:work-runtime:2.7.0] AndroidManifest.xml:43:13-44
180            android:enabled="@bool/enable_system_alarm_service_default"
180-->[androidx.work:work-runtime:2.7.0] AndroidManifest.xml:44:13-72
181            android:exported="false" />
181-->[androidx.work:work-runtime:2.7.0] AndroidManifest.xml:45:13-37
182        <service
182-->[androidx.work:work-runtime:2.7.0] AndroidManifest.xml:47:9-53:35
183            android:name="androidx.work.impl.background.systemjob.SystemJobService"
183-->[androidx.work:work-runtime:2.7.0] AndroidManifest.xml:48:13-84
184            android:directBootAware="false"
184-->[androidx.work:work-runtime:2.7.0] AndroidManifest.xml:49:13-44
185            android:enabled="@bool/enable_system_job_service_default"
185-->[androidx.work:work-runtime:2.7.0] AndroidManifest.xml:50:13-70
186            android:exported="true"
186-->[androidx.work:work-runtime:2.7.0] AndroidManifest.xml:51:13-36
187            android:permission="android.permission.BIND_JOB_SERVICE" />
187-->[androidx.work:work-runtime:2.7.0] AndroidManifest.xml:52:13-69
188        <service
188-->[androidx.work:work-runtime:2.7.0] AndroidManifest.xml:54:9-59:35
189            android:name="androidx.work.impl.foreground.SystemForegroundService"
189-->[androidx.work:work-runtime:2.7.0] AndroidManifest.xml:55:13-81
190            android:directBootAware="false"
190-->[androidx.work:work-runtime:2.7.0] AndroidManifest.xml:56:13-44
191            android:enabled="@bool/enable_system_foreground_service_default"
191-->[androidx.work:work-runtime:2.7.0] AndroidManifest.xml:57:13-77
192            android:exported="false" />
192-->[androidx.work:work-runtime:2.7.0] AndroidManifest.xml:58:13-37
193
194        <receiver
194-->[androidx.work:work-runtime:2.7.0] AndroidManifest.xml:61:9-66:35
195            android:name="androidx.work.impl.utils.ForceStopRunnable$BroadcastReceiver"
195-->[androidx.work:work-runtime:2.7.0] AndroidManifest.xml:62:13-88
196            android:directBootAware="false"
196-->[androidx.work:work-runtime:2.7.0] AndroidManifest.xml:63:13-44
197            android:enabled="true"
197-->[androidx.work:work-runtime:2.7.0] AndroidManifest.xml:64:13-35
198            android:exported="false" />
198-->[androidx.work:work-runtime:2.7.0] AndroidManifest.xml:65:13-37
199        <receiver
199-->[androidx.work:work-runtime:2.7.0] AndroidManifest.xml:67:9-77:20
200            android:name="androidx.work.impl.background.systemalarm.ConstraintProxy$BatteryChargingProxy"
200-->[androidx.work:work-runtime:2.7.0] AndroidManifest.xml:68:13-106
201            android:directBootAware="false"
201-->[androidx.work:work-runtime:2.7.0] AndroidManifest.xml:69:13-44
202            android:enabled="false"
202-->[androidx.work:work-runtime:2.7.0] AndroidManifest.xml:70:13-36
203            android:exported="false" >
203-->[androidx.work:work-runtime:2.7.0] AndroidManifest.xml:71:13-37
204            <intent-filter>
204-->[androidx.work:work-runtime:2.7.0] AndroidManifest.xml:73:13-76:29
205                <action android:name="android.intent.action.ACTION_POWER_CONNECTED" />
205-->[androidx.work:work-runtime:2.7.0] AndroidManifest.xml:74:17-87
205-->[androidx.work:work-runtime:2.7.0] AndroidManifest.xml:74:25-84
206                <action android:name="android.intent.action.ACTION_POWER_DISCONNECTED" />
206-->[androidx.work:work-runtime:2.7.0] AndroidManifest.xml:75:17-90
206-->[androidx.work:work-runtime:2.7.0] AndroidManifest.xml:75:25-87
207            </intent-filter>
208        </receiver>
209        <receiver
209-->[androidx.work:work-runtime:2.7.0] AndroidManifest.xml:78:9-88:20
210            android:name="androidx.work.impl.background.systemalarm.ConstraintProxy$BatteryNotLowProxy"
210-->[androidx.work:work-runtime:2.7.0] AndroidManifest.xml:79:13-104
211            android:directBootAware="false"
211-->[androidx.work:work-runtime:2.7.0] AndroidManifest.xml:80:13-44
212            android:enabled="false"
212-->[androidx.work:work-runtime:2.7.0] AndroidManifest.xml:81:13-36
213            android:exported="false" >
213-->[androidx.work:work-runtime:2.7.0] AndroidManifest.xml:82:13-37
214            <intent-filter>
214-->[androidx.work:work-runtime:2.7.0] AndroidManifest.xml:84:13-87:29
215                <action android:name="android.intent.action.BATTERY_OKAY" />
215-->[androidx.work:work-runtime:2.7.0] AndroidManifest.xml:85:17-77
215-->[androidx.work:work-runtime:2.7.0] AndroidManifest.xml:85:25-74
216                <action android:name="android.intent.action.BATTERY_LOW" />
216-->[androidx.work:work-runtime:2.7.0] AndroidManifest.xml:86:17-76
216-->[androidx.work:work-runtime:2.7.0] AndroidManifest.xml:86:25-73
217            </intent-filter>
218        </receiver>
219        <receiver
219-->[androidx.work:work-runtime:2.7.0] AndroidManifest.xml:89:9-99:20
220            android:name="androidx.work.impl.background.systemalarm.ConstraintProxy$StorageNotLowProxy"
220-->[androidx.work:work-runtime:2.7.0] AndroidManifest.xml:90:13-104
221            android:directBootAware="false"
221-->[androidx.work:work-runtime:2.7.0] AndroidManifest.xml:91:13-44
222            android:enabled="false"
222-->[androidx.work:work-runtime:2.7.0] AndroidManifest.xml:92:13-36
223            android:exported="false" >
223-->[androidx.work:work-runtime:2.7.0] AndroidManifest.xml:93:13-37
224            <intent-filter>
224-->[androidx.work:work-runtime:2.7.0] AndroidManifest.xml:95:13-98:29
225                <action android:name="android.intent.action.DEVICE_STORAGE_LOW" />
225-->[androidx.work:work-runtime:2.7.0] AndroidManifest.xml:96:17-83
225-->[androidx.work:work-runtime:2.7.0] AndroidManifest.xml:96:25-80
226                <action android:name="android.intent.action.DEVICE_STORAGE_OK" />
226-->[androidx.work:work-runtime:2.7.0] AndroidManifest.xml:97:17-82
226-->[androidx.work:work-runtime:2.7.0] AndroidManifest.xml:97:25-79
227            </intent-filter>
228        </receiver>
229        <receiver
229-->[androidx.work:work-runtime:2.7.0] AndroidManifest.xml:100:9-109:20
230            android:name="androidx.work.impl.background.systemalarm.ConstraintProxy$NetworkStateProxy"
230-->[androidx.work:work-runtime:2.7.0] AndroidManifest.xml:101:13-103
231            android:directBootAware="false"
231-->[androidx.work:work-runtime:2.7.0] AndroidManifest.xml:102:13-44
232            android:enabled="false"
232-->[androidx.work:work-runtime:2.7.0] AndroidManifest.xml:103:13-36
233            android:exported="false" >
233-->[androidx.work:work-runtime:2.7.0] AndroidManifest.xml:104:13-37
234            <intent-filter>
234-->[androidx.work:work-runtime:2.7.0] AndroidManifest.xml:106:13-108:29
235                <action android:name="android.net.conn.CONNECTIVITY_CHANGE" />
235-->[androidx.work:work-runtime:2.7.0] AndroidManifest.xml:107:17-79
235-->[androidx.work:work-runtime:2.7.0] AndroidManifest.xml:107:25-76
236            </intent-filter>
237        </receiver>
238        <receiver
238-->[androidx.work:work-runtime:2.7.0] AndroidManifest.xml:110:9-121:20
239            android:name="androidx.work.impl.background.systemalarm.RescheduleReceiver"
239-->[androidx.work:work-runtime:2.7.0] AndroidManifest.xml:111:13-88
240            android:directBootAware="false"
240-->[androidx.work:work-runtime:2.7.0] AndroidManifest.xml:112:13-44
241            android:enabled="false"
241-->[androidx.work:work-runtime:2.7.0] AndroidManifest.xml:113:13-36
242            android:exported="false" >
242-->[androidx.work:work-runtime:2.7.0] AndroidManifest.xml:114:13-37
243            <intent-filter>
243-->[androidx.work:work-runtime:2.7.0] AndroidManifest.xml:116:13-120:29
244                <action android:name="android.intent.action.BOOT_COMPLETED" />
244-->[androidx.work:work-runtime:2.7.0] AndroidManifest.xml:117:17-79
244-->[androidx.work:work-runtime:2.7.0] AndroidManifest.xml:117:25-76
245                <action android:name="android.intent.action.TIME_SET" />
245-->[androidx.work:work-runtime:2.7.0] AndroidManifest.xml:118:17-73
245-->[androidx.work:work-runtime:2.7.0] AndroidManifest.xml:118:25-70
246                <action android:name="android.intent.action.TIMEZONE_CHANGED" />
246-->[androidx.work:work-runtime:2.7.0] AndroidManifest.xml:119:17-81
246-->[androidx.work:work-runtime:2.7.0] AndroidManifest.xml:119:25-78
247            </intent-filter>
248        </receiver>
249        <receiver
249-->[androidx.work:work-runtime:2.7.0] AndroidManifest.xml:122:9-131:20
250            android:name="androidx.work.impl.background.systemalarm.ConstraintProxyUpdateReceiver"
250-->[androidx.work:work-runtime:2.7.0] AndroidManifest.xml:123:13-99
251            android:directBootAware="false"
251-->[androidx.work:work-runtime:2.7.0] AndroidManifest.xml:124:13-44
252            android:enabled="@bool/enable_system_alarm_service_default"
252-->[androidx.work:work-runtime:2.7.0] AndroidManifest.xml:125:13-72
253            android:exported="false" >
253-->[androidx.work:work-runtime:2.7.0] AndroidManifest.xml:126:13-37
254            <intent-filter>
254-->[androidx.work:work-runtime:2.7.0] AndroidManifest.xml:128:13-130:29
255                <action android:name="androidx.work.impl.background.systemalarm.UpdateProxies" />
255-->[androidx.work:work-runtime:2.7.0] AndroidManifest.xml:129:17-98
255-->[androidx.work:work-runtime:2.7.0] AndroidManifest.xml:129:25-95
256            </intent-filter>
257        </receiver>
258        <receiver
258-->[androidx.work:work-runtime:2.7.0] AndroidManifest.xml:132:9-142:20
259            android:name="androidx.work.impl.diagnostics.DiagnosticsReceiver"
259-->[androidx.work:work-runtime:2.7.0] AndroidManifest.xml:133:13-78
260            android:directBootAware="false"
260-->[androidx.work:work-runtime:2.7.0] AndroidManifest.xml:134:13-44
261            android:enabled="true"
261-->[androidx.work:work-runtime:2.7.0] AndroidManifest.xml:135:13-35
262            android:exported="true"
262-->[androidx.work:work-runtime:2.7.0] AndroidManifest.xml:136:13-36
263            android:permission="android.permission.DUMP" >
263-->[androidx.work:work-runtime:2.7.0] AndroidManifest.xml:137:13-57
264            <intent-filter>
264-->[androidx.work:work-runtime:2.7.0] AndroidManifest.xml:139:13-141:29
265                <action android:name="androidx.work.diagnostics.REQUEST_DIAGNOSTICS" />
265-->[androidx.work:work-runtime:2.7.0] AndroidManifest.xml:140:17-88
265-->[androidx.work:work-runtime:2.7.0] AndroidManifest.xml:140:25-85
266            </intent-filter>
267        </receiver>
268
269        <uses-library
269-->[androidx.privacysandbox.ads:ads-adservices:1.0.0-beta05] AndroidManifest.xml:23:9-25:40
270            android:name="android.ext.adservices"
270-->[androidx.privacysandbox.ads:ads-adservices:1.0.0-beta05] AndroidManifest.xml:24:13-50
271            android:required="false" />
271-->[androidx.privacysandbox.ads:ads-adservices:1.0.0-beta05] AndroidManifest.xml:25:13-37
272
273        <receiver
273-->[androidx.profileinstaller:profileinstaller:1.4.0] AndroidManifest.xml:34:9-52:20
274            android:name="androidx.profileinstaller.ProfileInstallReceiver"
274-->[androidx.profileinstaller:profileinstaller:1.4.0] AndroidManifest.xml:35:13-76
275            android:directBootAware="false"
275-->[androidx.profileinstaller:profileinstaller:1.4.0] AndroidManifest.xml:36:13-44
276            android:enabled="true"
276-->[androidx.profileinstaller:profileinstaller:1.4.0] AndroidManifest.xml:37:13-35
277            android:exported="true"
277-->[androidx.profileinstaller:profileinstaller:1.4.0] AndroidManifest.xml:38:13-36
278            android:permission="android.permission.DUMP" >
278-->[androidx.profileinstaller:profileinstaller:1.4.0] AndroidManifest.xml:39:13-57
279            <intent-filter>
279-->[androidx.profileinstaller:profileinstaller:1.4.0] AndroidManifest.xml:40:13-42:29
280                <action android:name="androidx.profileinstaller.action.INSTALL_PROFILE" />
280-->[androidx.profileinstaller:profileinstaller:1.4.0] AndroidManifest.xml:41:17-91
280-->[androidx.profileinstaller:profileinstaller:1.4.0] AndroidManifest.xml:41:25-88
281            </intent-filter>
282            <intent-filter>
282-->[androidx.profileinstaller:profileinstaller:1.4.0] AndroidManifest.xml:43:13-45:29
283                <action android:name="androidx.profileinstaller.action.SKIP_FILE" />
283-->[androidx.profileinstaller:profileinstaller:1.4.0] AndroidManifest.xml:44:17-85
283-->[androidx.profileinstaller:profileinstaller:1.4.0] AndroidManifest.xml:44:25-82